<?xml version="1.0" encoding="UTF-8" standalone="no"?>
<!DOCTYPE log SYSTEM "logger.dtd">
<log>
<record>
  <date>2018-11-06T10:46:23</date>
  <millis>1541493983856</millis>
  <sequence>0</sequence>
  <level>START</level>
  <class>com.kms.katalon.core.logging.KeywordLogger</class>
  <method>startSuite</method>
  <thread>1</thread>
  <message>Start Test Suite : Test Suites/suitEN</message>
  <nestedLevel>0</nestedLevel>
  <property name="name">suitEN</property>
  <property name="description"></property>
  <property name="id">Test Suites/suitEN</property>
</record>
<record>
  <date>2018-11-06T10:46:23</date>
  <millis>1541493983938</millis>
  <sequence>1</sequence>
  <level>RUN_DATA</level>
  <class>com.kms.katalon.core.logging.KeywordLogger</class>
  <method>logMessage</method>
  <thread>1</thread>
  <message>Logging run data &amp;apos;hostName&amp;apos; with value &amp;apos;enakache - ip-10-0-11-86.ap-southeast-2.compute.internal&amp;apos;</message>
  <nestedLevel>0</nestedLevel>
  <property name="hostName">enakache - ip-10-0-11-86.ap-southeast-2.compute.internal</property>
</record>
<record>
  <date>2018-11-06T10:46:23</date>
  <millis>1541493983940</millis>
  <sequence>2</sequence>
  <level>RUN_DATA</level>
  <class>com.kms.katalon.core.logging.KeywordLogger</class>
  <method>logMessage</method>
  <thread>1</thread>
  <message>Logging run data &amp;apos;os&amp;apos; with value &amp;apos;Mac OS X 64bit&amp;apos;</message>
  <nestedLevel>0</nestedLevel>
  <property name="os">Mac OS X 64bit</property>
</record>
<record>
  <date>2018-11-06T10:46:23</date>
  <millis>1541493983941</millis>
  <sequence>3</sequence>
  <level>RUN_DATA</level>
  <class>com.kms.katalon.core.logging.KeywordLogger</class>
  <method>logMessage</method>
  <thread>1</thread>
  <message>Logging run data &amp;apos;hostAddress&amp;apos; with value &amp;apos;10.0.11.86&amp;apos;</message>
  <nestedLevel>0</nestedLevel>
  <property name="hostAddress">10.0.11.86</property>
</record>
<record>
  <date>2018-11-06T10:46:23</date>
  <millis>1541493983945</millis>
  <sequence>4</sequence>
  <level>RUN_DATA</level>
  <class>com.kms.katalon.core.logging.KeywordLogger</class>
  <method>logMessage</method>
  <thread>1</thread>
  <message>Logging run data &amp;apos;katalonVersion&amp;apos; with value &amp;apos;5.8.5.1&amp;apos;</message>
  <nestedLevel>0</nestedLevel>
  <property name="katalonVersion">5.8.5.1</property>
</record>
<record>
  <date>2018-11-06T10:46:24</date>
  <millis>1541493984622</millis>
  <sequence>5</sequence>
  <level>START</level>
  <class>com.kms.katalon.core.logging.KeywordLogger</class>
  <method>startTest</method>
  <thread>1</thread>
  <message>Start Test Case : Test Cases/test1byEytan</message>
  <nestedLevel>1</nestedLevel>
  <property name="name">Test Cases/test1byEytan</property>
  <property name="description"></property>
  <property name="id">Test Cases/test1byEytan</property>
  <property name="source">\\Users\\enakache\\git\\autoUI\\Test Cases\\test1byEytan.tc</property>
  <property name="isOptional">false</property>
</record>
<record>
  <date>2018-11-06T10:46:24</date>
  <millis>1541493984656</millis>
  <sequence>6</sequence>
  <level>INFO</level>
  <class>com.kms.katalon.core.logging.KeywordLogger</class>
  <method>logMessage</method>
  <thread>1</thread>
  <message>Evaluating variables for test case</message>
  <nestedLevel>1</nestedLevel>
</record>
<record>
  <date>2018-11-06T10:46:24</date>
  <millis>1541493984659</millis>
  <sequence>7</sequence>
  <level>INFO</level>
  <class>com.kms.katalon.core.logging.KeywordLogger</class>
  <method>logMessage</method>
  <thread>1</thread>
  <message>Variable &amp;apos;webs&amp;apos; is set to https://www.youtube.com/watch?v=tu5Zc89w6oQ</message>
  <nestedLevel>1</nestedLevel>
</record>
<record>
  <date>2018-11-06T10:46:25</date>
  <millis>1541493985129</millis>
  <sequence>8</sequence>
  <level>START</level>
  <class>com.kms.katalon.core.logging.KeywordLogger</class>
  <method>startKeyword</method>
  <thread>1</thread>
  <message>Start action : Statement - println(webs)</message>
  <nestedLevel>1</nestedLevel>
  <property name="startLine">17</property>
  <property name="stepIndex">1</property>
</record>
<record>
  <date>2018-11-06T10:46:25</date>
  <millis>1541493985140</millis>
  <sequence>9</sequence>
  <level>END</level>
  <class>com.kms.katalon.core.logging.KeywordLogger</class>
  <method>endKeyword</method>
  <thread>1</thread>
  <message>End action : Statement - println(webs)</message>
  <nestedLevel>1</nestedLevel>
</record>
<record>
  <date>2018-11-06T10:46:25</date>
  <millis>1541493985140</millis>
  <sequence>10</sequence>
  <level>PASSED</level>
  <class>com.kms.katalon.core.logging.KeywordLogger</class>
  <method>logMessage</method>
  <thread>1</thread>
  <message>Test Cases/test1byEytan</message>
  <nestedLevel>1</nestedLevel>
</record>
<record>
  <date>2018-11-06T10:46:25</date>
  <millis>1541493985141</millis>
  <sequence>11</sequence>
  <level>END</level>
  <class>com.kms.katalon.core.logging.KeywordLogger</class>
  <method>endTest</method>
  <thread>1</thread>
  <message>End Test Case : Test Cases/test1byEytan</message>
  <nestedLevel>0</nestedLevel>
</record>
<record>
  <date>2018-11-06T10:46:25</date>
  <millis>1541493985145</millis>
  <sequence>12</sequence>
  <level>START</level>
  <class>com.kms.katalon.core.logging.KeywordLogger</class>
  <method>startTest</method>
  <thread>1</thread>
  <message>Start Test Case : Test Cases/test1byEytan</message>
  <nestedLevel>1</nestedLevel>
  <property name="name">Test Cases/test1byEytan</property>
  <property name="description"></property>
  <property name="id">Test Cases/test1byEytan</property>
  <property name="source">\\Users\\enakache\\git\\autoUI\\Test Cases\\test1byEytan.tc</property>
  <property name="isOptional">false</property>
</record>
<record>
  <date>2018-11-06T10:46:25</date>
  <millis>1541493985153</millis>
  <sequence>13</sequence>
  <level>INFO</level>
  <class>com.kms.katalon.core.logging.KeywordLogger</class>
  <method>logMessage</method>
  <thread>1</thread>
  <message>Evaluating variables for test case</message>
  <nestedLevel>1</nestedLevel>
</record>
<record>
  <date>2018-11-06T10:46:25</date>
  <millis>1541493985153</millis>
  <sequence>14</sequence>
  <level>INFO</level>
  <class>com.kms.katalon.core.logging.KeywordLogger</class>
  <method>logMessage</method>
  <thread>1</thread>
  <message>Variable &amp;apos;webs&amp;apos; is set to https://eytannakache.atlassian.net/wiki/spaces/TA/overview</message>
  <nestedLevel>1</nestedLevel>
</record>
<record>
  <date>2018-11-06T10:46:25</date>
  <millis>1541493985156</millis>
  <sequence>15</sequence>
  <level>START</level>
  <class>com.kms.katalon.core.logging.KeywordLogger</class>
  <method>startKeyword</method>
  <thread>1</thread>
  <message>Start action : Statement - println(webs)</message>
  <nestedLevel>1</nestedLevel>
  <property name="startLine">17</property>
  <property name="stepIndex">1</property>
</record>
<record>
  <date>2018-11-06T10:46:25</date>
  <millis>1541493985157</millis>
  <sequence>16</sequence>
  <level>END</level>
  <class>com.kms.katalon.core.logging.KeywordLogger</class>
  <method>endKeyword</method>
  <thread>1</thread>
  <message>End action : Statement - println(webs)</message>
  <nestedLevel>1</nestedLevel>
</record>
<record>
  <date>2018-11-06T10:46:25</date>
  <millis>1541493985158</millis>
  <sequence>17</sequence>
  <level>PASSED</level>
  <class>com.kms.katalon.core.logging.KeywordLogger</class>
  <method>logMessage</method>
  <thread>1</thread>
  <message>Test Cases/test1byEytan</message>
  <nestedLevel>1</nestedLevel>
</record>
<record>
  <date>2018-11-06T10:46:25</date>
  <millis>1541493985159</millis>
  <sequence>18</sequence>
  <level>END</level>
  <class>com.kms.katalon.core.logging.KeywordLogger</class>
  <method>endTest</method>
  <thread>1</thread>
  <message>End Test Case : Test Cases/test1byEytan</message>
  <nestedLevel>0</nestedLevel>
</record>
<record>
  <date>2018-11-06T10:46:25</date>
  <millis>1541493985163</millis>
  <sequence>19</sequence>
  <level>START</level>
  <class>com.kms.katalon.core.logging.KeywordLogger</class>
  <method>startTest</method>
  <thread>1</thread>
  <message>Start Test Case : Test Cases/test1byEytan</message>
  <nestedLevel>1</nestedLevel>
  <property name="name">Test Cases/test1byEytan</property>
  <property name="description"></property>
  <property name="id">Test Cases/test1byEytan</property>
  <property name="source">\\Users\\enakache\\git\\autoUI\\Test Cases\\test1byEytan.tc</property>
  <property name="isOptional">false</property>
</record>
<record>
  <date>2018-11-06T10:46:25</date>
  <millis>1541493985171</millis>
  <sequence>20</sequence>
  <level>INFO</level>
  <class>com.kms.katalon.core.logging.KeywordLogger</class>
  <method>logMessage</method>
  <thread>1</thread>
  <message>Evaluating variables for test case</message>
  <nestedLevel>1</nestedLevel>
</record>
<record>
  <date>2018-11-06T10:46:25</date>
  <millis>1541493985172</millis>
  <sequence>21</sequence>
  <level>INFO</level>
  <class>com.kms.katalon.core.logging.KeywordLogger</class>
  <method>logMessage</method>
  <thread>1</thread>
  <message>Variable &amp;apos;webs&amp;apos; is set to 2</message>
  <nestedLevel>1</nestedLevel>
</record>
<record>
  <date>2018-11-06T10:46:25</date>
  <millis>1541493985174</millis>
  <sequence>22</sequence>
  <level>START</level>
  <class>com.kms.katalon.core.logging.KeywordLogger</class>
  <method>startKeyword</method>
  <thread>1</thread>
  <message>Start action : Statement - println(webs)</message>
  <nestedLevel>1</nestedLevel>
  <property name="startLine">17</property>
  <property name="stepIndex">1</property>
</record>
<record>
  <date>2018-11-06T10:46:25</date>
  <millis>1541493985175</millis>
  <sequence>23</sequence>
  <level>END</level>
  <class>com.kms.katalon.core.logging.KeywordLogger</class>
  <method>endKeyword</method>
  <thread>1</thread>
  <message>End action : Statement - println(webs)</message>
  <nestedLevel>1</nestedLevel>
</record>
<record>
  <date>2018-11-06T10:46:25</date>
  <millis>1541493985176</millis>
  <sequence>24</sequence>
  <level>PASSED</level>
  <class>com.kms.katalon.core.logging.KeywordLogger</class>
  <method>logMessage</method>
  <thread>1</thread>
  <message>Test Cases/test1byEytan</message>
  <nestedLevel>1</nestedLevel>
</record>
<record>
  <date>2018-11-06T10:46:25</date>
  <millis>1541493985176</millis>
  <sequence>25</sequence>
  <level>END</level>
  <class>com.kms.katalon.core.logging.KeywordLogger</class>
  <method>endTest</method>
  <thread>1</thread>
  <message>End Test Case : Test Cases/test1byEytan</message>
  <nestedLevel>0</nestedLevel>
</record>
<record>
  <date>2018-11-06T10:46:25</date>
  <millis>1541493985181</millis>
  <sequence>26</sequence>
  <level>START</level>
  <class>com.kms.katalon.core.logging.KeywordLogger</class>
  <method>startTest</method>
  <thread>1</thread>
  <message>Start Test Case : Test Cases/test1byEytan</message>
  <nestedLevel>1</nestedLevel>
  <property name="name">Test Cases/test1byEytan</property>
  <property name="description"></property>
  <property name="id">Test Cases/test1byEytan</property>
  <property name="source">\\Users\\enakache\\git\\autoUI\\Test Cases\\test1byEytan.tc</property>
  <property name="isOptional">false</property>
</record>
<record>
  <date>2018-11-06T10:46:25</date>
  <millis>1541493985188</millis>
  <sequence>27</sequence>
  <level>INFO</level>
  <class>com.kms.katalon.core.logging.KeywordLogger</class>
  <method>logMessage</method>
  <thread>1</thread>
  <message>Evaluating variables for test case</message>
  <nestedLevel>1</nestedLevel>
</record>
<record>
  <date>2018-11-06T10:46:25</date>
  <millis>1541493985189</millis>
  <sequence>28</sequence>
  <level>INFO</level>
  <class>com.kms.katalon.core.logging.KeywordLogger</class>
  <method>logMessage</method>
  <thread>1</thread>
  <message>Variable &amp;apos;webs&amp;apos; is set to 3</message>
  <nestedLevel>1</nestedLevel>
</record>
<record>
  <date>2018-11-06T10:46:25</date>
  <millis>1541493985191</millis>
  <sequence>29</sequence>
  <level>START</level>
  <class>com.kms.katalon.core.logging.KeywordLogger</class>
  <method>startKeyword</method>
  <thread>1</thread>
  <message>Start action : Statement - println(webs)</message>
  <nestedLevel>1</nestedLevel>
  <property name="startLine">17</property>
  <property name="stepIndex">1</property>
</record>
<record>
  <date>2018-11-06T10:46:25</date>
  <millis>1541493985193</millis>
  <sequence>30</sequence>
  <level>END</level>
  <class>com.kms.katalon.core.logging.KeywordLogger</class>
  <method>endKeyword</method>
  <thread>1</thread>
  <message>End action : Statement - println(webs)</message>
  <nestedLevel>1</nestedLevel>
</record>
<record>
  <date>2018-11-06T10:46:25</date>
  <millis>1541493985193</millis>
  <sequence>31</sequence>
  <level>PASSED</level>
  <class>com.kms.katalon.core.logging.KeywordLogger</class>
  <method>logMessage</method>
  <thread>1</thread>
  <message>Test Cases/test1byEytan</message>
  <nestedLevel>1</nestedLevel>
</record>
<record>
  <date>2018-11-06T10:46:25</date>
  <millis>1541493985194</millis>
  <sequence>32</sequence>
  <level>END</level>
  <class>com.kms.katalon.core.logging.KeywordLogger</class>
  <method>endTest</method>
  <thread>1</thread>
  <message>End Test Case : Test Cases/test1byEytan</message>
  <nestedLevel>0</nestedLevel>
</record>
<record>
  <date>2018-11-06T10:46:25</date>
  <millis>1541493985203</millis>
  <sequence>33</sequence>
  <level>START</level>
  <class>com.kms.katalon.core.logging.KeywordLogger</class>
  <method>startTest</method>
  <thread>1</thread>
  <message>Start Test Case : Test Cases/test1byEytan</message>
  <nestedLevel>1</nestedLevel>
  <property name="name">Test Cases/test1byEytan</property>
  <property name="description"></property>
  <property name="id">Test Cases/test1byEytan</property>
  <property name="source">\\Users\\enakache\\git\\autoUI\\Test Cases\\test1byEytan.tc</property>
  <property name="isOptional">false</property>
</record>
<record>
  <date>2018-11-06T10:46:25</date>
  <millis>1541493985209</millis>
  <sequence>34</sequence>
  <level>INFO</level>
  <class>com.kms.katalon.core.logging.KeywordLogger</class>
  <method>logMessage</method>
  <thread>1</thread>
  <message>Evaluating variables for test case</message>
  <nestedLevel>1</nestedLevel>
</record>
<record>
  <date>2018-11-06T10:46:25</date>
  <millis>1541493985210</millis>
  <sequence>35</sequence>
  <level>INFO</level>
  <class>com.kms.katalon.core.logging.KeywordLogger</class>
  <method>logMessage</method>
  <thread>1</thread>
  <message>Variable &amp;apos;webs&amp;apos; is set to 4</message>
  <nestedLevel>1</nestedLevel>
</record>
<record>
  <date>2018-11-06T10:46:25</date>
  <millis>1541493985213</millis>
  <sequence>36</sequence>
  <level>START</level>
  <class>com.kms.katalon.core.logging.KeywordLogger</class>
  <method>startKeyword</method>
  <thread>1</thread>
  <message>Start action : Statement - println(webs)</message>
  <nestedLevel>1</nestedLevel>
  <property name="startLine">17</property>
  <property name="stepIndex">1</property>
</record>
<record>
  <date>2018-11-06T10:46:25</date>
  <millis>1541493985219</millis>
  <sequence>37</sequence>
  <level>END</level>
  <class>com.kms.katalon.core.logging.KeywordLogger</class>
  <method>endKeyword</method>
  <thread>1</thread>
  <message>End action : Statement - println(webs)</message>
  <nestedLevel>1</nestedLevel>
</record>
<record>
  <date>2018-11-06T10:46:25</date>
  <millis>1541493985220</millis>
  <sequence>38</sequence>
  <level>PASSED</level>
  <class>com.kms.katalon.core.logging.KeywordLogger</class>
  <method>logMessage</method>
  <thread>1</thread>
  <message>Test Cases/test1byEytan</message>
  <nestedLevel>1</nestedLevel>
</record>
<record>
  <date>2018-11-06T10:46:25</date>
  <millis>1541493985221</millis>
  <sequence>39</sequence>
  <level>END</level>
  <class>com.kms.katalon.core.logging.KeywordLogger</class>
  <method>endTest</method>
  <thread>1</thread>
  <message>End Test Case : Test Cases/test1byEytan</message>
  <nestedLevel>0</nestedLevel>
</record>
<record>
  <date>2018-11-06T10:46:25</date>
  <millis>1541493985225</millis>
  <sequence>40</sequence>
  <level>START</level>
  <class>com.kms.katalon.core.logging.KeywordLogger</class>
  <method>startTest</method>
  <thread>1</thread>
  <message>Start Test Case : Test Cases/test1byEytan</message>
  <nestedLevel>1</nestedLevel>
  <property name="name">Test Cases/test1byEytan</property>
  <property name="description"></property>
  <property name="id">Test Cases/test1byEytan</property>
  <property name="source">\\Users\\enakache\\git\\autoUI\\Test Cases\\test1byEytan.tc</property>
  <property name="isOptional">false</property>
</record>
<record>
  <date>2018-11-06T10:46:25</date>
  <millis>1541493985231</millis>
  <sequence>41</sequence>
  <level>INFO</level>
  <class>com.kms.katalon.core.logging.KeywordLogger</class>
  <method>logMessage</method>
  <thread>1</thread>
  <message>Evaluating variables for test case</message>
  <nestedLevel>1</nestedLevel>
</record>
<record>
  <date>2018-11-06T10:46:25</date>
  <millis>1541493985231</millis>
  <sequence>42</sequence>
  <level>INFO</level>
  <class>com.kms.katalon.core.logging.KeywordLogger</class>
  <method>logMessage</method>
  <thread>1</thread>
  <message>Variable &amp;apos;webs&amp;apos; is set to 5</message>
  <nestedLevel>1</nestedLevel>
</record>
<record>
  <date>2018-11-06T10:46:25</date>
  <millis>1541493985233</millis>
  <sequence>43</sequence>
  <level>START</level>
  <class>com.kms.katalon.core.logging.KeywordLogger</class>
  <method>startKeyword</method>
  <thread>1</thread>
  <message>Start action : Statement - println(webs)</message>
  <nestedLevel>1</nestedLevel>
  <property name="startLine">17</property>
  <property name="stepIndex">1</property>
</record>
<record>
  <date>2018-11-06T10:46:25</date>
  <millis>1541493985234</millis>
  <sequence>44</sequence>
  <level>END</level>
  <class>com.kms.katalon.core.logging.KeywordLogger</class>
  <method>endKeyword</method>
  <thread>1</thread>
  <message>End action : Statement - println(webs)</message>
  <nestedLevel>1</nestedLevel>
</record>
<record>
  <date>2018-11-06T10:46:25</date>
  <millis>1541493985234</millis>
  <sequence>45</sequence>
  <level>PASSED</level>
  <class>com.kms.katalon.core.logging.KeywordLogger</class>
  <method>logMessage</method>
  <thread>1</thread>
  <message>Test Cases/test1byEytan</message>
  <nestedLevel>1</nestedLevel>
</record>
<record>
  <date>2018-11-06T10:46:25</date>
  <millis>1541493985235</millis>
  <sequence>46</sequence>
  <level>END</level>
  <class>com.kms.katalon.core.logging.KeywordLogger</class>
  <method>endTest</method>
  <thread>1</thread>
  <message>End Test Case : Test Cases/test1byEytan</message>
  <nestedLevel>0</nestedLevel>
</record>
<record>
  <date>2018-11-06T10:46:25</date>
  <millis>1541493985238</millis>
  <sequence>47</sequence>
  <level>START</level>
  <class>com.kms.katalon.core.logging.KeywordLogger</class>
  <method>startTest</method>
  <thread>1</thread>
  <message>Start Test Case : Test Cases/test1byEytan</message>
  <nestedLevel>1</nestedLevel>
  <property name="name">Test Cases/test1byEytan</property>
  <property name="description"></property>
  <property name="id">Test Cases/test1byEytan</property>
  <property name="source">\\Users\\enakache\\git\\autoUI\\Test Cases\\test1byEytan.tc</property>
  <property name="isOptional">false</property>
</record>
<record>
  <date>2018-11-06T10:46:25</date>
  <millis>1541493985246</millis>
  <sequence>48</sequence>
  <level>INFO</level>
  <class>com.kms.katalon.core.logging.KeywordLogger</class>
  <method>logMessage</method>
  <thread>1</thread>
  <message>Evaluating variables for test case</message>
  <nestedLevel>1</nestedLevel>
</record>
<record>
  <date>2018-11-06T10:46:25</date>
  <millis>1541493985246</millis>
  <sequence>49</sequence>
  <level>INFO</level>
  <class>com.kms.katalon.core.logging.KeywordLogger</class>
  <method>logMessage</method>
  <thread>1</thread>
  <message>Variable &amp;apos;webs&amp;apos; is set to 6</message>
  <nestedLevel>1</nestedLevel>
</record>
<record>
  <date>2018-11-06T10:46:25</date>
  <millis>1541493985248</millis>
  <sequence>50</sequence>
  <level>START</level>
  <class>com.kms.katalon.core.logging.KeywordLogger</class>
  <method>startKeyword</method>
  <thread>1</thread>
  <message>Start action : Statement - println(webs)</message>
  <nestedLevel>1</nestedLevel>
  <property name="startLine">17</property>
  <property name="stepIndex">1</property>
</record>
<record>
  <date>2018-11-06T10:46:25</date>
  <millis>1541493985250</millis>
  <sequence>51</sequence>
  <level>END</level>
  <class>com.kms.katalon.core.logging.KeywordLogger</class>
  <method>endKeyword</method>
  <thread>1</thread>
  <message>End action : Statement - println(webs)</message>
  <nestedLevel>1</nestedLevel>
</record>
<record>
  <date>2018-11-06T10:46:25</date>
  <millis>1541493985250</millis>
  <sequence>52</sequence>
  <level>PASSED</level>
  <class>com.kms.katalon.core.logging.KeywordLogger</class>
  <method>logMessage</method>
  <thread>1</thread>
  <message>Test Cases/test1byEytan</message>
  <nestedLevel>1</nestedLevel>
</record>
<record>
  <date>2018-11-06T10:46:25</date>
  <millis>1541493985251</millis>
  <sequence>53</sequence>
  <level>END</level>
  <class>com.kms.katalon.core.logging.KeywordLogger</class>
  <method>endTest</method>
  <thread>1</thread>
  <message>End Test Case : Test Cases/test1byEytan</message>
  <nestedLevel>0</nestedLevel>
</record>
<record>
  <date>2018-11-06T10:46:25</date>
  <millis>1541493985255</millis>
  <sequence>54</sequence>
  <level>START</level>
  <class>com.kms.katalon.core.logging.KeywordLogger</class>
  <method>startTest</method>
  <thread>1</thread>
  <message>Start Test Case : Test Cases/test1byEytan</message>
  <nestedLevel>1</nestedLevel>
  <property name="name">Test Cases/test1byEytan</property>
  <property name="description"></property>
  <property name="id">Test Cases/test1byEytan</property>
  <property name="source">\\Users\\enakache\\git\\autoUI\\Test Cases\\test1byEytan.tc</property>
  <property name="isOptional">false</property>
</record>
<record>
  <date>2018-11-06T10:46:25</date>
  <millis>1541493985261</millis>
  <sequence>55</sequence>
  <level>INFO</level>
  <class>com.kms.katalon.core.logging.KeywordLogger</class>
  <method>logMessage</method>
  <thread>1</thread>
  <message>Evaluating variables for test case</message>
  <nestedLevel>1</nestedLevel>
</record>
<record>
  <date>2018-11-06T10:46:25</date>
  <millis>1541493985262</millis>
  <sequence>56</sequence>
  <level>INFO</level>
  <class>com.kms.katalon.core.logging.KeywordLogger</class>
  <method>logMessage</method>
  <thread>1</thread>
  <message>Variable &amp;apos;webs&amp;apos; is set to 7</message>
  <nestedLevel>1</nestedLevel>
</record>
<record>
  <date>2018-11-06T10:46:25</date>
  <millis>1541493985263</millis>
  <sequence>57</sequence>
  <level>START</level>
  <class>com.kms.katalon.core.logging.KeywordLogger</class>
  <method>startKeyword</method>
  <thread>1</thread>
  <message>Start action : Statement - println(webs)</message>
  <nestedLevel>1</nestedLevel>
  <property name="startLine">17</property>
  <property name="stepIndex">1</property>
</record>
<record>
  <date>2018-11-06T10:46:25</date>
  <millis>1541493985265</millis>
  <sequence>58</sequence>
  <level>END</level>
  <class>com.kms.katalon.core.logging.KeywordLogger</class>
  <method>endKeyword</method>
  <thread>1</thread>
  <message>End action : Statement - println(webs)</message>
  <nestedLevel>1</nestedLevel>
</record>
<record>
  <date>2018-11-06T10:46:25</date>
  <millis>1541493985266</millis>
  <sequence>59</sequence>
  <level>PASSED</level>
  <class>com.kms.katalon.core.logging.KeywordLogger</class>
  <method>logMessage</method>
  <thread>1</thread>
  <message>Test Cases/test1byEytan</message>
  <nestedLevel>1</nestedLevel>
</record>
<record>
  <date>2018-11-06T10:46:25</date>
  <millis>1541493985267</millis>
  <sequence>60</sequence>
  <level>END</level>
  <class>com.kms.katalon.core.logging.KeywordLogger</class>
  <method>endTest</method>
  <thread>1</thread>
  <message>End Test Case : Test Cases/test1byEytan</message>
  <nestedLevel>0</nestedLevel>
</record>
<record>
  <date>2018-11-06T10:46:25</date>
  <millis>1541493985270</millis>
  <sequence>61</sequence>
  <level>START</level>
  <class>com.kms.katalon.core.logging.KeywordLogger</class>
  <method>startTest</method>
  <thread>1</thread>
  <message>Start Test Case : Test Cases/test1byEytan</message>
  <nestedLevel>1</nestedLevel>
  <property name="name">Test Cases/test1byEytan</property>
  <property name="description"></property>
  <property name="id">Test Cases/test1byEytan</property>
  <property name="source">\\Users\\enakache\\git\\autoUI\\Test Cases\\test1byEytan.tc</property>
  <property name="isOptional">false</property>
</record>
<record>
  <date>2018-11-06T10:46:25</date>
  <millis>1541493985277</millis>
  <sequence>62</sequence>
  <level>INFO</level>
  <class>com.kms.katalon.core.logging.KeywordLogger</class>
  <method>logMessage</method>
  <thread>1</thread>
  <message>Evaluating variables for test case</message>
  <nestedLevel>1</nestedLevel>
</record>
<record>
  <date>2018-11-06T10:46:25</date>
  <millis>1541493985278</millis>
  <sequence>63</sequence>
  <level>INFO</level>
  <class>com.kms.katalon.core.logging.KeywordLogger</class>
  <method>logMessage</method>
  <thread>1</thread>
  <message>Variable &amp;apos;webs&amp;apos; is set to 7</message>
  <nestedLevel>1</nestedLevel>
</record>
<record>
  <date>2018-11-06T10:46:25</date>
  <millis>1541493985280</millis>
  <sequence>64</sequence>
  <level>START</level>
  <class>com.kms.katalon.core.logging.KeywordLogger</class>
  <method>startKeyword</method>
  <thread>1</thread>
  <message>Start action : Statement - println(webs)</message>
  <nestedLevel>1</nestedLevel>
  <property name="startLine">17</property>
  <property name="stepIndex">1</property>
</record>
<record>
  <date>2018-11-06T10:46:25</date>
  <millis>1541493985281</millis>
  <sequence>65</sequence>
  <level>END</level>
  <class>com.kms.katalon.core.logging.KeywordLogger</class>
  <method>endKeyword</method>
  <thread>1</thread>
  <message>End action : Statement - println(webs)</message>
  <nestedLevel>1</nestedLevel>
</record>
<record>
  <date>2018-11-06T10:46:25</date>
  <millis>1541493985282</millis>
  <sequence>66</sequence>
  <level>PASSED</level>
  <class>com.kms.katalon.core.logging.KeywordLogger</class>
  <method>logMessage</method>
  <thread>1</thread>
  <message>Test Cases/test1byEytan</message>
  <nestedLevel>1</nestedLevel>
</record>
<record>
  <date>2018-11-06T10:46:25</date>
  <millis>1541493985282</millis>
  <sequence>67</sequence>
  <level>END</level>
  <class>com.kms.katalon.core.logging.KeywordLogger</class>
  <method>endTest</method>
  <thread>1</thread>
  <message>End Test Case : Test Cases/test1byEytan</message>
  <nestedLevel>0</nestedLevel>
</record>
<record>
  <date>2018-11-06T10:46:25</date>
  <millis>1541493985286</millis>
  <sequence>68</sequence>
  <level>START</level>
  <class>com.kms.katalon.core.logging.KeywordLogger</class>
  <method>startTest</method>
  <thread>1</thread>
  <message>Start Test Case : Test Cases/test1byEytan</message>
  <nestedLevel>1</nestedLevel>
  <property name="name">Test Cases/test1byEytan</property>
  <property name="description"></property>
  <property name="id">Test Cases/test1byEytan</property>
  <property name="source">\\Users\\enakache\\git\\autoUI\\Test Cases\\test1byEytan.tc</property>
  <property name="isOptional">false</property>
</record>
<record>
  <date>2018-11-06T10:46:25</date>
  <millis>1541493985291</millis>
  <sequence>69</sequence>
  <level>INFO</level>
  <class>com.kms.katalon.core.logging.KeywordLogger</class>
  <method>logMessage</method>
  <thread>1</thread>
  <message>Evaluating variables for test case</message>
  <nestedLevel>1</nestedLevel>
</record>
<record>
  <date>2018-11-06T10:46:25</date>
  <millis>1541493985292</millis>
  <sequence>70</sequence>
  <level>INFO</level>
  <class>com.kms.katalon.core.logging.KeywordLogger</class>
  <method>logMessage</method>
  <thread>1</thread>
  <message>Variable &amp;apos;webs&amp;apos; is set to 8</message>
  <nestedLevel>1</nestedLevel>
</record>
<record>
  <date>2018-11-06T10:46:25</date>
  <millis>1541493985294</millis>
  <sequence>71</sequence>
  <level>START</level>
  <class>com.kms.katalon.core.logging.KeywordLogger</class>
  <method>startKeyword</method>
  <thread>1</thread>
  <message>Start action : Statement - println(webs)</message>
  <nestedLevel>1</nestedLevel>
  <property name="startLine">17</property>
  <property name="stepIndex">1</property>
</record>
<record>
  <date>2018-11-06T10:46:25</date>
  <millis>1541493985295</millis>
  <sequence>72</sequence>
  <level>END</level>
  <class>com.kms.katalon.core.logging.KeywordLogger</class>
  <method>endKeyword</method>
  <thread>1</thread>
  <message>End action : Statement - println(webs)</message>
  <nestedLevel>1</nestedLevel>
</record>
<record>
  <date>2018-11-06T10:46:25</date>
  <millis>1541493985295</millis>
  <sequence>73</sequence>
  <level>PASSED</level>
  <class>com.kms.katalon.core.logging.KeywordLogger</class>
  <method>logMessage</method>
  <thread>1</thread>
  <message>Test Cases/test1byEytan</message>
  <nestedLevel>1</nestedLevel>
</record>
<record>
  <date>2018-11-06T10:46:25</date>
  <millis>1541493985296</millis>
  <sequence>74</sequence>
  <level>END</level>
  <class>com.kms.katalon.core.logging.KeywordLogger</class>
  <method>endTest</method>
  <thread>1</thread>
  <message>End Test Case : Test Cases/test1byEytan</message>
  <nestedLevel>0</nestedLevel>
</record>
<record>
  <date>2018-11-06T10:46:25</date>
  <millis>1541493985300</millis>
  <sequence>75</sequence>
  <level>START</level>
  <class>com.kms.katalon.core.logging.KeywordLogger</class>
  <method>startTest</method>
  <thread>1</thread>
  <message>Start Test Case : Test Cases/test1byEytan</message>
  <nestedLevel>1</nestedLevel>
  <property name="name">Test Cases/test1byEytan</property>
  <property name="description"></property>
  <property name="id">Test Cases/test1byEytan</property>
  <property name="source">\\Users\\enakache\\git\\autoUI\\Test Cases\\test1byEytan.tc</property>
  <property name="isOptional">false</property>
</record>
<record>
  <date>2018-11-06T10:46:25</date>
  <millis>1541493985305</millis>
  <sequence>76</sequence>
  <level>INFO</level>
  <class>com.kms.katalon.core.logging.KeywordLogger</class>
  <method>logMessage</method>
  <thread>1</thread>
  <message>Evaluating variables for test case</message>
  <nestedLevel>1</nestedLevel>
</record>
<record>
  <date>2018-11-06T10:46:25</date>
  <millis>1541493985305</millis>
  <sequence>77</sequence>
  <level>INFO</level>
  <class>com.kms.katalon.core.logging.KeywordLogger</class>
  <method>logMessage</method>
  <thread>1</thread>
  <message>Variable &amp;apos;webs&amp;apos; is set to 9</message>
  <nestedLevel>1</nestedLevel>
</record>
<record>
  <date>2018-11-06T10:46:25</date>
  <millis>1541493985307</millis>
  <sequence>78</sequence>
  <level>START</level>
  <class>com.kms.katalon.core.logging.KeywordLogger</class>
  <method>startKeyword</method>
  <thread>1</thread>
  <message>Start action : Statement - println(webs)</message>
  <nestedLevel>1</nestedLevel>
  <property name="startLine">17</property>
  <property name="stepIndex">1</property>
</record>
<record>
  <date>2018-11-06T10:46:25</date>
  <millis>1541493985310</millis>
  <sequence>79</sequence>
  <level>END</level>
  <class>com.kms.katalon.core.logging.KeywordLogger</class>
  <method>endKeyword</method>
  <thread>1</thread>
  <message>End action : Statement - println(webs)</message>
  <nestedLevel>1</nestedLevel>
</record>
<record>
  <date>2018-11-06T10:46:25</date>
  <millis>1541493985311</millis>
  <sequence>80</sequence>
  <level>PASSED</level>
  <class>com.kms.katalon.core.logging.KeywordLogger</class>
  <method>logMessage</method>
  <thread>1</thread>
  <message>Test Cases/test1byEytan</message>
  <nestedLevel>1</nestedLevel>
</record>
<record>
  <date>2018-11-06T10:46:25</date>
  <millis>1541493985311</millis>
  <sequence>81</sequence>
  <level>END</level>
  <class>com.kms.katalon.core.logging.KeywordLogger</class>
  <method>endTest</method>
  <thread>1</thread>
  <message>End Test Case : Test Cases/test1byEytan</message>
  <nestedLevel>0</nestedLevel>
</record>
<record>
  <date>2018-11-06T10:46:25</date>
  <millis>1541493985316</millis>
  <sequence>82</sequence>
  <level>START</level>
  <class>com.kms.katalon.core.logging.KeywordLogger</class>
  <method>startTest</method>
  <thread>1</thread>
  <message>Start Test Case : Test Cases/test1byEytan</message>
  <nestedLevel>1</nestedLevel>
  <property name="name">Test Cases/test1byEytan</property>
  <property name="description"></property>
  <property name="id">Test Cases/test1byEytan</property>
  <property name="source">\\Users\\enakache\\git\\autoUI\\Test Cases\\test1byEytan.tc</property>
  <property name="isOptional">false</property>
</record>
<record>
  <date>2018-11-06T10:46:25</date>
  <millis>1541493985322</millis>
  <sequence>83</sequence>
  <level>INFO</level>
  <class>com.kms.katalon.core.logging.KeywordLogger</class>
  <method>logMessage</method>
  <thread>1</thread>
  <message>Evaluating variables for test case</message>
  <nestedLevel>1</nestedLevel>
</record>
<record>
  <date>2018-11-06T10:46:25</date>
  <millis>1541493985323</millis>
  <sequence>84</sequence>
  <level>INFO</level>
  <class>com.kms.katalon.core.logging.KeywordLogger</class>
  <method>logMessage</method>
  <thread>1</thread>
  <message>Variable &amp;apos;webs&amp;apos; is set to 0</message>
  <nestedLevel>1</nestedLevel>
</record>
<record>
  <date>2018-11-06T10:46:25</date>
  <millis>1541493985324</millis>
  <sequence>85</sequence>
  <level>START</level>
  <class>com.kms.katalon.core.logging.KeywordLogger</class>
  <method>startKeyword</method>
  <thread>1</thread>
  <message>Start action : Statement - println(webs)</message>
  <nestedLevel>1</nestedLevel>
  <property name="startLine">17</property>
  <property name="stepIndex">1</property>
</record>
<record>
  <date>2018-11-06T10:46:25</date>
  <millis>1541493985325</millis>
  <sequence>86</sequence>
  <level>END</level>
  <class>com.kms.katalon.core.logging.KeywordLogger</class>
  <method>endKeyword</method>
  <thread>1</thread>
  <message>End action : Statement - println(webs)</message>
  <nestedLevel>1</nestedLevel>
</record>
<record>
  <date>2018-11-06T10:46:25</date>
  <millis>1541493985326</millis>
  <sequence>87</sequence>
  <level>PASSED</level>
  <class>com.kms.katalon.core.logging.KeywordLogger</class>
  <method>logMessage</method>
  <thread>1</thread>
  <message>Test Cases/test1byEytan</message>
  <nestedLevel>1</nestedLevel>
</record>
<record>
  <date>2018-11-06T10:46:25</date>
  <millis>1541493985326</millis>
  <sequence>88</sequence>
  <level>END</level>
  <class>com.kms.katalon.core.logging.KeywordLogger</class>
  <method>endTest</method>
  <thread>1</thread>
  <message>End Test Case : Test Cases/test1byEytan</message>
  <nestedLevel>0</nestedLevel>
</record>
<record>
  <date>2018-11-06T10:46:25</date>
  <millis>1541493985442</millis>
  <sequence>89</sequence>
  <level>END</level>
  <class>com.kms.katalon.core.logging.KeywordLogger</class>
  <method>endSuite</method>
  <thread>1</thread>
  <message>End Test Suite : Test Suites/suitEN</message>
  <nestedLevel>0</nestedLevel>
</record>
</log>
